<?xml version="1.0" encoding="UTF-8"?>
<!-- Generated by org.testng.reporters.JUnitXMLReporter -->
<testsuite ignored="0" hostname="DESKTOP-FK3RV9V" failures="0" tests="5" name="Default test" time="37.759" errors="0" timestamp="2024-06-17T15:53:20 IST">
  <testcase classname="DataDriven.loginTest" name="loginTest" time="0.62"/>
  <testcase classname="DataDriven.loginTest" name="loginTest" time="0.533"/>
  <testcase classname="DataDriven.loginTest" name="loginTest" time="0.599"/>
  <testcase classname="DataDriven.loginTest" name="loginTest" time="0.547"/>
  <testcase classname="DataDriven.loginTest" name="loginTest" time="0.594"/>
</testsuite> <!-- Default test -->
