<?xml version="1.0" encoding="UTF-8"?>
<!-- Generated by org.testng.reporters.JUnitXMLReporter -->
<testsuite ignored="0" hostname="DESKTOP-FK3RV9V" failures="2" tests="2" name="Chrome" time="5035.997" errors="0" timestamp="2024-06-14T16:43:52 IST">
  <testcase classname="DataDriven.loginTest" name="loginTest" time="1.229">
    <failure type="java.lang.AssertionError" message=" expected [Invalid login credentials] but found [The success message should match the expected message]">
      <![CDATA[java.lang.AssertionError:  expected [Invalid login credentials] but found [The success message should match the expected message]
at DataDriven.loginTest.loginTest(loginTest.java:47)
at java.base/java.util.ArrayList.forEach(ArrayList.java:1511)
... Removed 32 stack frames]]>
    </failure>
  </testcase> <!-- loginTest -->
  <testcase classname="DataDriven.loginTest" name="loginTest" time="1.02">
    <failure type="java.lang.AssertionError" message="Invalid login credentials expected [Invalid login credentials] but found [The success message should match the expected message]">
      <![CDATA[java.lang.AssertionError: Invalid login credentials expected [Invalid login credentials] but found [The success message should match the expected message]
at DataDriven.loginTest.loginTest(loginTest.java:47)
at java.base/java.util.ArrayList.forEach(ArrayList.java:1511)
... Removed 32 stack frames]]>
    </failure>
  </testcase> <!-- loginTest -->
</testsuite> <!-- Chrome -->
