<?xml version="1.0" encoding="UTF-8"?>
<!-- Generated by org.testng.reporters.JUnitXMLReporter -->
<testsuite ignored="0" hostname="DESKTOP-FK3RV9V" failures="0" tests="5" name="Edge" time="84.473" errors="0" timestamp="2024-06-11T15:17:05 IST">
  <testcase classname="DataDriven.loginTest" name="loginTest" time="0.629"/>
  <testcase classname="DataDriven.loginTest" name="loginTest" time="0.551"/>
  <testcase classname="DataDriven.loginTest" name="loginTest" time="0.562"/>
  <testcase classname="DataDriven.loginTest" name="loginTest" time="0.554"/>
  <testcase classname="DataDriven.loginTest" name="loginTest" time="0.564"/>
</testsuite> <!-- Edge -->
