<?xml version="1.0" encoding="UTF-8"?>
<!-- Generated by org.testng.reporters.JUnitXMLReporter -->
<testsuite ignored="0" hostname="DESKTOP-FK3RV9V" failures="0" tests="5" name="Firefox" time="50.761" errors="0" timestamp="2024-06-11T15:17:55 IST">
  <testcase classname="DataDriven.loginTest" name="loginTest" time="0.591"/>
  <testcase classname="DataDriven.loginTest" name="loginTest" time="0.514"/>
  <testcase classname="DataDriven.loginTest" name="loginTest" time="0.495"/>
  <testcase classname="DataDriven.loginTest" name="loginTest" time="0.563"/>
  <testcase classname="DataDriven.loginTest" name="loginTest" time="0.448"/>
</testsuite> <!-- Firefox -->
