<?xml version="1.0" encoding="UTF-8"?>
<!-- Generated by org.testng.reporters.JUnitXMLReporter -->
<testsuite ignored="0" hostname="DESKTOP-FK3RV9V" failures="0" tests="5" name="login" time="20.064" errors="0" timestamp="2024-06-06T11:17:38 IST">
  <testcase classname="DataDriven.DataDrivenTest" name="loginTest" time="0.658"/>
  <testcase classname="DataDriven.DataDrivenTest" name="loginTest" time="0.605"/>
  <testcase classname="DataDriven.DataDrivenTest" name="loginTest" time="0.607"/>
  <testcase classname="DataDriven.DataDrivenTest" name="loginTest" time="0.682"/>
  <testcase classname="DataDriven.DataDrivenTest" name="loginTest" time="0.561"/>
</testsuite> <!-- login -->
