<?xml version="1.0" encoding="UTF-8"?>
<testng-results ignored="0" total="1" passed="1" failed="0" skipped="0">
  <reporter-output>
  </reporter-output>
  <suite started-at="2024-09-11T18:50:01 IST" name="Default suite" finished-at="2024-09-11T18:50:13 IST" duration-ms="11757">
    <groups>
    </groups>
    <test started-at="2024-09-11T18:50:01 IST" name="Default test" finished-at="2024-09-11T18:50:13 IST" duration-ms="11757">
      <class name="TestCases.Gaurdian_creation">
        <test-method is-config="true" signature="setup(java.lang.String)[pri:0, instance:TestCases.Gaurdian_creation@342c38f8]" started-at="2024-09-11T18:50:02 IST" name="setup" finished-at="2024-09-11T18:50:04 IST" duration-ms="2789" status="PASS">
          <params>
            <param index="0">
              <value>
                <![CDATA[chrome]]>
              </value>
            </param>
          </params>
          <reporter-output>
          </reporter-output>
        </test-method> <!-- setup -->
        <test-method signature="Guardian()[pri:0, instance:TestCases.Gaurdian_creation@342c38f8]" started-at="2024-09-11T18:50:04 IST" name="Guardian" finished-at="2024-09-11T18:50:10 IST" duration-ms="5292" status="PASS">
          <reporter-output>
          </reporter-output>
        </test-method> <!-- Guardian -->
        <test-method is-config="true" signature="teardown()[pri:0, instance:TestCases.Gaurdian_creation@342c38f8]" started-at="2024-09-11T18:50:10 IST" name="teardown" finished-at="2024-09-11T18:50:13 IST" duration-ms="3352" status="PASS">
          <reporter-output>
          </reporter-output>
        </test-method> <!-- teardown -->
      </class> <!-- TestCases.Gaurdian_creation -->
    </test> <!-- Default test -->
  </suite> <!-- Default suite -->
</testng-results>
