<?xml version="1.0" encoding="UTF-8"?>
<!-- Generated by org.testng.reporters.JUnitXMLReporter -->
<testsuite ignored="0" hostname="DESKTOP-FK3RV9V" failures="0" tests="5" name="Chrome" time="49.729" errors="0" timestamp="2024-06-11T15:28:21 IST">
  <testcase classname="DataDriven.loginTest" name="loginTest" time="1.233"/>
  <testcase classname="DataDriven.loginTest" name="loginTest" time="0.5"/>
  <testcase classname="DataDriven.loginTest" name="loginTest" time="0.823"/>
  <testcase classname="DataDriven.loginTest" name="loginTest" time="0.622"/>
  <testcase classname="DataDriven.loginTest" name="loginTest" time="1.213"/>
</testsuite> <!-- Chrome -->
