<?xml version="1.0" encoding="UTF-8"?>
<!-- Generated by org.testng.reporters.JUnitXMLReporter -->
<testsuite ignored="0" hostname="DESKTOP-FK3RV9V" failures="0" tests="5" name="Chrome" time="67.115" errors="0" timestamp="2024-06-24T15:16:17 IST">
  <testcase classname="DataDriven.loginTest" name="loginTest" time="1.223"/>
  <testcase classname="DataDriven.loginTest" name="loginTest" time="0.749"/>
  <testcase classname="DataDriven.loginTest" name="loginTest" time="0.993"/>
  <testcase classname="DataDriven.loginTest" name="loginTest" time="0.899"/>
  <testcase classname="DataDriven.loginTest" name="loginTest" time="1.35"/>
</testsuite> <!-- Chrome -->
