<?xml version="1.0" encoding="UTF-8"?>
<!-- Generated by org.testng.reporters.JUnitXMLReporter -->
<testsuite ignored="0" hostname="DESKTOP-FK3RV9V" failures="0" tests="5" name="Edge" time="77.054" errors="0" timestamp="2024-06-11T15:28:48 IST">
  <testcase classname="DataDriven.loginTest" name="loginTest" time="0.789"/>
  <testcase classname="DataDriven.loginTest" name="loginTest" time="0.929"/>
  <testcase classname="DataDriven.loginTest" name="loginTest" time="1.45"/>
  <testcase classname="DataDriven.loginTest" name="loginTest" time="0.782"/>
  <testcase classname="DataDriven.loginTest" name="loginTest" time="0.531"/>
</testsuite> <!-- Edge -->
