<?xml version="1.0" encoding="UTF-8"?>
<!-- Generated by org.testng.reporters.JUnitXMLReporter -->
<testsuite ignored="0" hostname="DESKTOP-FK3RV9V" failures="0" tests="5" name="Edge" time="127.018" errors="0" timestamp="2024-06-24T15:17:17 IST">
  <testcase classname="DataDriven.loginTest" name="loginTest" time="1.141"/>
  <testcase classname="DataDriven.loginTest" name="loginTest" time="0.797"/>
  <testcase classname="DataDriven.loginTest" name="loginTest" time="0.801"/>
  <testcase classname="DataDriven.loginTest" name="loginTest" time="0.787"/>
  <testcase classname="DataDriven.loginTest" name="loginTest" time="0.81"/>
</testsuite> <!-- Edge -->
