<?xml version="1.0" encoding="UTF-8"?>
<!-- Generated by org.testng.reporters.JUnitXMLReporter -->
<testsuite ignored="0" hostname="DESKTOP-FK3RV9V" failures="0" tests="5" name="Firefox" time="83.376" errors="0" timestamp="2024-06-24T15:16:33 IST">
  <testcase classname="DataDriven.loginTest" name="loginTest" time="0.965"/>
  <testcase classname="DataDriven.loginTest" name="loginTest" time="1.673"/>
  <testcase classname="DataDriven.loginTest" name="loginTest" time="1.016"/>
  <testcase classname="DataDriven.loginTest" name="loginTest" time="1.459"/>
  <testcase classname="DataDriven.loginTest" name="loginTest" time="0.714"/>
</testsuite> <!-- Firefox -->
