<?xml version="1.0" encoding="UTF-8"?>
<!-- Generated by org.testng.reporters.JUnitXMLReporter -->
<testsuite ignored="0" hostname="DESKTOP-FK3RV9V" failures="0" tests="5" name="Firefox" time="61.005" errors="0" timestamp="2024-06-11T15:28:32 IST">
  <testcase classname="DataDriven.loginTest" name="loginTest" time="0.824"/>
  <testcase classname="DataDriven.loginTest" name="loginTest" time="0.988"/>
  <testcase classname="DataDriven.loginTest" name="loginTest" time="1.366"/>
  <testcase classname="DataDriven.loginTest" name="loginTest" time="1.508"/>
  <testcase classname="DataDriven.loginTest" name="loginTest" time="0.606"/>
</testsuite> <!-- Firefox -->
